
> tubertc@2.0.0 start /opt/react_contactprocrm-meeting-master/contactprocrm-meeting-back
> node server.js

Http server is running on Port: 3000
[32m[1minfo   [22m[39m - [1mEasyRTC: [22mStarting EasyRTC Server (v2.0.5) on Node (v12.14.0) [90mundefined[39m
events.js:187
      throw er; // Unhandled 'error' event
      ^

Error: listen EADDRINUSE: address already in use :::3000
    at Server.setupListenHandle [as _listen2] (net.js:1301:14)
    at listenInCluster (net.js:1349:12)
    at Server.listen (net.js:1437:7)
    at Object.<anonymous> (/opt/react_contactprocrm-meeting-master/contactprocrm-meeting-back/server.js:34:53)
    at Module._compile (internal/modules/cjs/loader.js:959:30)
    at Object.Module._extensions..js (internal/modules/cjs/loader.js:995:10)
    at Module.load (internal/modules/cjs/loader.js:815:32)
    at Function.Module._load (internal/modules/cjs/loader.js:727:14)
    at Function.Module.runMain (internal/modules/cjs/loader.js:1047:10)
    at internal/main/run_main_module.js:17:11
Emitted 'error' event on Server instance at:
    at emitErrorNT (net.js:1328:8)
    at processTicksAndRejections (internal/process/task_queues.js:80:21) {
  code: 'EADDRINUSE',
  errno: 'EADDRINUSE',
  syscall: 'listen',
  address: '::',
  port: 3000
}
npm ERR! code ELIFECYCLE
npm ERR! errno 1
npm ERR! tubertc@2.0.0 start: `node server.js`
npm ERR! Exit status 1
npm ERR! 
npm ERR! Failed at the tubertc@2.0.0 start script.
npm ERR! This is probably not a problem with npm. There is likely additional logging output above.

npm ERR! A complete log of this run can be found in:
npm ERR!     /home/webrtc/.npm/_logs/2020-06-11T11_21_29_925Z-debug.log

> tubertc@2.0.0 start /opt/react_contactprocrm-meeting-master/contactprocrm-meeting-back
> node server.js

Http server is running on Port: 3000
[32m[1minfo   [22m[39m - [1mEasyRTC: [22mStarting EasyRTC Server (v2.0.5) on Node (v12.14.0) [90mundefined[39m
events.js:187
      throw er; // Unhandled 'error' event
      ^

Error: listen EADDRINUSE: address already in use :::3000
    at Server.setupListenHandle [as _listen2] (net.js:1301:14)
    at listenInCluster (net.js:1349:12)
    at Server.listen (net.js:1437:7)
    at Object.<anonymous> (/opt/react_contactprocrm-meeting-master/contactprocrm-meeting-back/server.js:34:53)
    at Module._compile (internal/modules/cjs/loader.js:959:30)
    at Object.Module._extensions..js (internal/modules/cjs/loader.js:995:10)
    at Module.load (internal/modules/cjs/loader.js:815:32)
    at Function.Module._load (internal/modules/cjs/loader.js:727:14)
    at Function.Module.runMain (internal/modules/cjs/loader.js:1047:10)
    at internal/main/run_main_module.js:17:11
Emitted 'error' event on Server instance at:
    at emitErrorNT (net.js:1328:8)
    at processTicksAndRejections (internal/process/task_queues.js:80:21) {
  code: 'EADDRINUSE',
  errno: 'EADDRINUSE',
  syscall: 'listen',
  address: '::',
  port: 3000
}
npm ERR! code ELIFECYCLE
npm ERR! errno 1
npm ERR! tubertc@2.0.0 start: `node server.js`
npm ERR! Exit status 1
npm ERR! 
npm ERR! Failed at the tubertc@2.0.0 start script.
npm ERR! This is probably not a problem with npm. There is likely additional logging output above.

npm ERR! A complete log of this run can be found in:
npm ERR!     /home/webrtc/.npm/_logs/2020-06-11T11_21_55_184Z-debug.log

> tubertc@2.0.0 start /opt/react_contactprocrm-meeting-master/contactprocrm-meeting-back
> node server.js

Http server is running on Port: 3000
[32m[1minfo   [22m[39m - [1mEasyRTC: [22mStarting EasyRTC Server (v2.0.5) on Node (v12.14.0) [90mundefined[39m
events.js:187
      throw er; // Unhandled 'error' event
      ^

Error: listen EADDRINUSE: address already in use :::3000
    at Server.setupListenHandle [as _listen2] (net.js:1301:14)
    at listenInCluster (net.js:1349:12)
    at Server.listen (net.js:1437:7)
    at Object.<anonymous> (/opt/react_contactprocrm-meeting-master/contactprocrm-meeting-back/server.js:34:53)
    at Module._compile (internal/modules/cjs/loader.js:959:30)
    at Object.Module._extensions..js (internal/modules/cjs/loader.js:995:10)
    at Module.load (internal/modules/cjs/loader.js:815:32)
    at Function.Module._load (internal/modules/cjs/loader.js:727:14)
    at Function.Module.runMain (internal/modules/cjs/loader.js:1047:10)
    at internal/main/run_main_module.js:17:11
Emitted 'error' event on Server instance at:
    at emitErrorNT (net.js:1328:8)
    at processTicksAndRejections (internal/process/task_queues.js:80:21) {
  code: 'EADDRINUSE',
  errno: 'EADDRINUSE',
  syscall: 'listen',
  address: '::',
  port: 3000
}
npm ERR! code ELIFECYCLE
npm ERR! errno 1
npm ERR! tubertc@2.0.0 start: `node server.js`
npm ERR! Exit status 1
npm ERR! 
npm ERR! Failed at the tubertc@2.0.0 start script.
npm ERR! This is probably not a problem with npm. There is likely additional logging output above.

npm ERR! A complete log of this run can be found in:
npm ERR!     /home/webrtc/.npm/_logs/2020-06-11T11_26_54_719Z-debug.log

> tubertc@2.0.0 start /opt/react_contactprocrm-meeting-master/contactprocrm-meeting-back
> node server.js

Http server is running on Port: 3000
[32m[1minfo   [22m[39m - [1mEasyRTC: [22mStarting EasyRTC Server (v2.0.5) on Node (v12.14.0) [90mundefined[39m
events.js:187
      throw er; // Unhandled 'error' event
      ^

Error: listen EADDRINUSE: address already in use :::3000
    at Server.setupListenHandle [as _listen2] (net.js:1301:14)
    at listenInCluster (net.js:1349:12)
    at Server.listen (net.js:1437:7)
    at Object.<anonymous> (/opt/react_contactprocrm-meeting-master/contactprocrm-meeting-back/server.js:34:53)
    at Module._compile (internal/modules/cjs/loader.js:959:30)
    at Object.Module._extensions..js (internal/modules/cjs/loader.js:995:10)
    at Module.load (internal/modules/cjs/loader.js:815:32)
    at Function.Module._load (internal/modules/cjs/loader.js:727:14)
    at Function.Module.runMain (internal/modules/cjs/loader.js:1047:10)
    at internal/main/run_main_module.js:17:11
Emitted 'error' event on Server instance at:
    at emitErrorNT (net.js:1328:8)
    at processTicksAndRejections (internal/process/task_queues.js:80:21) {
  code: 'EADDRINUSE',
  errno: 'EADDRINUSE',
  syscall: 'listen',
  address: '::',
  port: 3000
}
npm ERR! code ELIFECYCLE
npm ERR! errno 1
npm ERR! tubertc@2.0.0 start: `node server.js`
npm ERR! Exit status 1
npm ERR! 
npm ERR! Failed at the tubertc@2.0.0 start script.
npm ERR! This is probably not a problem with npm. There is likely additional logging output above.

npm ERR! A complete log of this run can be found in:
npm ERR!     /home/webrtc/.npm/_logs/2020-06-11T11_40_45_385Z-debug.log
